<?xml version="1.0" encoding="utf-8"?><testsuites name="pytest tests"><testsuite name="pytest" errors="0" failures="0" skipped="0" tests="122" time="3.384" timestamp="2026-06-28T02:01:32.314572+07:00" hostname="aiotlab-ws1"><testcase classname="tests.test_matcher" name="test_hybrid_match_is_one_to_one" time="0.001" /><testcase classname="tests.test_negative_cases" name="test_format_job_error_message_non_xlsx_extension" time="0.001" /><testcase classname="tests.test_negative_cases" name="test_format_job_error_message_bad_zip_file" time="0.000" /><testcase classname="tests.test_negative_cases" name="test_format_job_error_message_corrupt_format" time="0.000" /><testcase classname="tests.test_negative_cases" name="test_format_job_error_message_backend_error" time="0.000" /><testcase classname="tests.test_negative_cases" name="test_package_pipeline_with_corrupt_files" time="0.005" /><testcase classname="tests.test_negative_cases_extended.TestFakeAndCorruptFiles" name="test_txt_renamed_to_xlsx_is_rejected_not_silently_parsed" time="0.001" /><testcase classname="tests.test_negative_cases_extended.TestFakeAndCorruptFiles" name="test_zero_byte_file_with_xlsx_extension_is_rejected" time="0.001" /><testcase classname="tests.test_negative_cases_extended.TestFakeAndCorruptFiles" name="test_uppercase_extension_is_still_accepted" time="0.008" /><testcase classname="tests.test_negative_cases_extended.TestFakeAndCorruptFiles" name="test_xls_extension_gives_clear_vietnamese_error" time="0.001" /><testcase classname="tests.test_negative_cases_extended.TestFakeAndCorruptFiles" name="test_zip_bomb_style_wrong_internal_structure_does_not_crash_silently" time="0.001" /><testcase classname="tests.test_negative_cases_extended.TestFakeAndCorruptFiles" name="test_truncated_xlsx_raises_clear_error_not_garbage_data" time="0.005" /><testcase classname="tests.test_negative_cases_extended.TestMeaninglessButValidWorkbooks" name="test_completely_empty_sheet_does_not_crash" time="0.005" /><testcase classname="tests.test_negative_cases_extended.TestMeaninglessButValidWorkbooks" name="test_random_text_without_any_header_keyword_yields_no_items_not_garbage" time="0.006" /><testcase classname="tests.test_negative_cases_extended.TestMeaninglessButValidWorkbooks" name="test_header_only_no_data_rows" time="0.006" /><testcase classname="tests.test_negative_cases_extended.TestNumberParserNegative" name="test_garbage_returns_none_not_exception[lung tung beng]" time="0.000" /><testcase classname="tests.test_negative_cases_extended.TestNumberParserNegative" name="test_garbage_returns_none_not_exception[abc123xyz]" time="0.000" /><testcase classname="tests.test_negative_cases_extended.TestNumberParserNegative" name="test_garbage_returns_none_not_exception[====]" time="0.000" /><testcase classname="tests.test_negative_cases_extended.TestNumberParserNegative" name="test_garbage_returns_none_not_exception[N/A]" time="0.000" /><testcase classname="tests.test_negative_cases_extended.TestNumberParserNegative" name="test_garbage_returns_none_not_exception[-]" time="0.000" /><testcase classname="tests.test_negative_cases_extended.TestNumberParserNegative" name="test_garbage_returns_none_not_exception[None]" time="0.000" /><testcase classname="tests.test_negative_cases_extended.TestNumberParserNegative" name="test_garbage_returns_none_not_exception[]" time="0.000" /><testcase classname="tests.test_negative_cases_extended.TestNumberParserNegative" name="test_math_error_detects_klxdg_mismatch" time="0.000" /><testcase classname="tests.test_negative_cases_extended.TestNumberParserNegative" name="test_math_error_none_when_any_input_missing" time="0.000" /><testcase classname="tests.test_negative_cases_extended.TestTenderPackageNegative" name="test_no_bidder_files_raises_value_error" time="0.005" /><testcase classname="tests.test_negative_cases_extended.TestTenderPackageNegative" name="test_no_appendix_at_all_raises_value_error" time="0.005" /><testcase classname="tests.test_negative_cases_extended.TestTenderPackageNegative" name="test_missing_pl2_file_on_disk_raises_clear_error" time="0.010" /><testcase classname="tests.test_negative_cases_extended.TestTenderPackageNegative" name="test_pl2_without_recognizable_headers_does_not_crash_but_warns" time="0.062" /><testcase classname="tests.test_negative_cases_extended.TestTenderPackageNegative" name="test_single_bidder_with_zero_items_produces_empty_but_valid_report" time="0.079" /><testcase classname="tests.test_negative_cases_extended.TestTenderPackageNegative" name="test_single_bidder_disables_peer_price_comparison" time="0.083" /><testcase classname="tests.test_negative_cases_extended.TestPL2ReaderNegative" name="test_pl2_wrong_extension_raises" time="0.002" /><testcase classname="tests.test_negative_cases_extended.TestPL2ReaderNegative" name="test_pl2_empty_workbook_returns_empty_with_warning" time="0.010" /><testcase classname="tests.test_negative_cases_extended.TestUploadValidationNegative" name="test_sanitize_strips_path_traversal" time="0.001" /><testcase classname="tests.test_negative_cases_extended.TestUploadValidationNegative" name="test_sanitize_strips_path_traversal_windows_style" time="0.001" /><testcase classname="tests.test_negative_cases_extended.TestUploadValidationNegative" name="test_sanitize_empty_name_falls_back" time="0.001" /><testcase classname="tests.test_negative_cases_extended.TestUploadValidationNegative" name="test_save_upload_rejects_disallowed_extension" time="0.002" /><testcase classname="tests.test_negative_cases_extended.TestUploadValidationNegative" name="test_save_upload_rejects_empty_file" time="0.001" /><testcase classname="tests.test_negative_cases_extended.TestUploadValidationNegative" name="test_save_upload_rejects_file_over_limit" time="0.001" /><testcase classname="tests.test_negative_cases_extended.TestUploadValidationNegative" name="test_save_upload_accepts_valid_small_file" time="0.001" /><testcase classname="tests.test_negative_cases_extended.TestErrorMessageMapping" name="test_encrypted_or_unknown_underlying_error_falls_back_to_generic_excel_message" time="0.000" /><testcase classname="tests.test_negative_cases_extended.TestErrorMessageMapping" name="test_unknown_request_mapping_still_returns_something_safe" time="0.001" /><testcase classname="tests.test_parser_section_and_legend" name="test_numbering_row_with_float_values_is_detected" time="0.001" /><testcase classname="tests.test_parser_section_and_legend" name="test_numbering_row_does_not_misfire_on_real_priced_row" time="0.000" /><testcase classname="tests.test_parser_section_and_legend" name="test_legend_and_section_subtotal_excluded_from_comparable_items" time="0.007" /><testcase classname="tests.test_reporter_consolidated_quote" name="test_summary_has_one_sheet_per_hangmuc_with_side_by_side_blocks" time="0.084" /><testcase classname="tests.test_reporter_consolidated_quote" name="test_summary_marks_deviating_price_cells_directly" time="0.097" /><testcase classname="tests.test_reporter_consolidated_quote" name="test_summary_no_marks_when_prices_close" time="0.061" /><testcase classname="tests.test_reporter_consolidated_quote" name="test_summary_splits_multiple_hangmuc_into_separate_sheets" time="0.065" /><testcase classname="tests.test_reporter_price_deviation" name="test_price_matrix_marks_the_outlier_cell_directly" time="0.079" /><testcase classname="tests.test_reporter_price_deviation" name="test_price_matrix_has_no_comment_when_all_bidders_close" time="0.058" /><testcase classname="tests.test_s1_comparison_engine" name="test_s1_ce01_equal_quantity_has_no_warning" time="0.001" /><testcase classname="tests.test_s1_comparison_engine" name="test_s1_ce02_quantity_difference_8_percent_is_warning" time="0.000" /><testcase classname="tests.test_s1_comparison_engine" name="test_s1_ce03_quantity_difference_35_percent_is_critical" time="0.000" /><testcase classname="tests.test_s1_comparison_engine" name="test_s1_ce04_unit_mismatch_is_flagged" time="0.000" /><testcase classname="tests.test_s1_comparison_engine" name="test_s1_ce05_missing_item_is_critical" time="0.000" /><testcase classname="tests.test_s1_comparison_engine" name="test_s1_ce06_extra_item_is_warning" time="0.000" /><testcase classname="tests.test_s1_comparison_engine" name="test_s1_ce07_different_sheet_is_note_not_warning" time="0.000" /><testcase classname="tests.test_s1_comparison_engine" name="test_s1_ce08_single_bidder_does_not_compare_price_against_pl01" time="0.000" /><testcase classname="tests.test_s1_comparison_engine" name="test_s1_ce09_price_outlier_is_flagged_only_in_peer_stage" time="0.001" /><testcase classname="tests.test_s1_comparison_engine" name="test_s1_ce10_formula_error_is_critical" time="0.000" /><testcase classname="tests.test_s1_comparison_engine" name="test_s1_ce11_configurable_quantity_threshold_is_used" time="0.000" /><testcase classname="tests.test_s1_file_parser" name="test_s1_fi01_parse_valid_xlsx_and_preserve_source_row" time="0.006" /><testcase classname="tests.test_s1_file_parser" name="test_s1_fi02_detect_multi_level_header" time="0.001" /><testcase classname="tests.test_s1_file_parser" name="test_s1_fi03_calamine_matrix_preserves_raw_rows" time="0.005" /><testcase classname="tests.test_s1_file_parser" name="test_s1_fi04_formula_ref_is_detected" time="0.006" /><testcase classname="tests.test_s1_file_parser" name="test_s1_fi05_four_workbooks_are_loaded_in_parallel" time="0.030" /><testcase classname="tests.test_s1_file_parser" name="test_s1_fi06_invalid_extension_is_rejected" time="0.001" /><testcase classname="tests.test_s1_file_parser" name="test_s1_fi07_corrupt_xlsx_returns_clear_error" time="0.001" /><testcase classname="tests.test_s1_file_parser" name="test_s1_fi08_duplicate_code_rows_are_preserved_and_flagged" time="0.009" /><testcase classname="tests.test_s1_file_parser" name="test_s1_fi09_component_without_price_is_not_false_error" time="0.007" /><testcase classname="tests.test_s1_normalizer" name="test_s1_nr01_parse_vietnamese_and_international_numbers[1.234.567,89-1234567.89]" time="0.001" /><testcase classname="tests.test_s1_normalizer" name="test_s1_nr01_parse_vietnamese_and_international_numbers[1,234,567.89-1234567.89]" time="0.000" /><testcase classname="tests.test_s1_normalizer" name="test_s1_nr01_parse_vietnamese_and_international_numbers[1 234 567-1234567.0]" time="0.000" /><testcase classname="tests.test_s1_normalizer" name="test_s1_nr01_parse_vietnamese_and_international_numbers[(1.000)--1000.0]" time="0.000" /><testcase classname="tests.test_s1_normalizer" name="test_s1_nr01_parse_vietnamese_and_international_numbers[-0.5--0.5]" time="0.000" /><testcase classname="tests.test_s1_normalizer" name="test_s1_nr01_parse_vietnamese_and_international_numbers[1.500.000 VN\u0110-1500000.0]" time="0.000" /><testcase classname="tests.test_s1_normalizer" name="test_s1_nr01_parse_vietnamese_and_international_numbers[0-0.0]" time="0.000" /><testcase classname="tests.test_s1_normalizer" name="test_s1_nr02_normalize_square_metre_variants[m2]" time="0.000" /><testcase classname="tests.test_s1_normalizer" name="test_s1_nr02_normalize_square_metre_variants[M2]" time="0.000" /><testcase classname="tests.test_s1_normalizer" name="test_s1_nr02_normalize_square_metre_variants[m\xb2]" time="0.000" /><testcase classname="tests.test_s1_normalizer" name="test_s1_nr02_normalize_square_metre_variants[m^2]" time="0.000" /><testcase classname="tests.test_s1_normalizer" name="test_s1_nr02_normalize_square_metre_variants[m 2]" time="0.000" /><testcase classname="tests.test_s1_normalizer" name="test_s1_nr02_normalize_square_metre_variants[m\xe9t vu\xf4ng]" time="0.000" /><testcase classname="tests.test_s1_normalizer" name="test_s1_nr02_normalize_square_metre_variants[met vuong]" time="0.000" /><testcase classname="tests.test_s1_normalizer" name="test_s1_nr03_normalize_cubic_metre_variants[m3]" time="0.000" /><testcase classname="tests.test_s1_normalizer" name="test_s1_nr03_normalize_cubic_metre_variants[M3]" time="0.000" /><testcase classname="tests.test_s1_normalizer" name="test_s1_nr03_normalize_cubic_metre_variants[m\xb3]" time="0.000" /><testcase classname="tests.test_s1_normalizer" name="test_s1_nr03_normalize_cubic_metre_variants[m^3]" time="0.000" /><testcase classname="tests.test_s1_normalizer" name="test_s1_nr03_normalize_cubic_metre_variants[m 3]" time="0.000" /><testcase classname="tests.test_s1_normalizer" name="test_s1_nr03_normalize_cubic_metre_variants[m\xe9t kh\u1ed1i]" time="0.000" /><testcase classname="tests.test_s1_normalizer" name="test_s1_nr03_normalize_cubic_metre_variants[met khoi]" time="0.000" /><testcase classname="tests.test_s1_normalizer" name="test_s1_nr04_normalize_common_units[C\xe1i-c\xe1i]" time="0.000" /><testcase classname="tests.test_s1_normalizer" name="test_s1_nr04_normalize_common_units[chi\u1ebfc-c\xe1i]" time="0.000" /><testcase classname="tests.test_s1_normalizer" name="test_s1_nr04_normalize_common_units[B\u1ed8-b\u1ed9]" time="0.000" /><testcase classname="tests.test_s1_normalizer" name="test_s1_nr04_normalize_common_units[t\u1ee7-t\u1ee7]" time="0.000" /><testcase classname="tests.test_s1_normalizer" name="test_s1_nr04_normalize_common_units[m\xe9t-m]" time="0.000" /><testcase classname="tests.test_s1_normalizer" name="test_s1_nr04_normalize_common_units[thi\u1ebft b\u1ecb-thi\u1ebft b\u1ecb]" time="0.000" /><testcase classname="tests.test_s1_normalizer" name="test_s1_nr04_normalize_common_units[kg-kg]" time="0.000" /><testcase classname="tests.test_s1_normalizer" name="test_s1_nr04_normalize_common_units[T\u1ea5n-t\u1ea5n]" time="0.000" /><testcase classname="tests.test_s1_normalizer" name="test_s1_nr04_normalize_common_units[100m-100m]" time="0.000" /><testcase classname="tests.test_s1_normalizer" name="test_s1_nr05_normalize_item_codes[M01-M-01]" time="0.000" /><testcase classname="tests.test_s1_normalizer" name="test_s1_nr05_normalize_item_codes[M.01-M-01]" time="0.000" /><testcase classname="tests.test_s1_normalizer" name="test_s1_nr05_normalize_item_codes[M/01-M-01]" time="0.000" /><testcase classname="tests.test_s1_normalizer" name="test_s1_nr05_normalize_item_codes[ AB_12 -AB-12]" time="0.001" /><testcase classname="tests.test_s1_normalizer" name="test_s1_nr05_normalize_item_codes[=A1-]" time="0.000" /><testcase classname="tests.test_s1_normalizer" name="test_s1_nr05_normalize_item_codes[-]" time="0.000" /><testcase classname="tests.test_s1_normalizer" name="test_s1_nr06_normalize_stt[ I.1 -I.1]" time="0.000" /><testcase classname="tests.test_s1_normalizer" name="test_s1_nr06_normalize_stt[1.2.3-1.2.3]" time="0.000" /><testcase classname="tests.test_s1_normalizer" name="test_s1_nr06_normalize_stt[ A-01 -A-01]" time="0.000" /><testcase classname="tests.test_s1_normalizer" name="test_s1_nr06_normalize_stt[=ROW()-1-]" time="0.000" /><testcase classname="tests.test_s1_normalizer" name="test_s1_nr06_normalize_stt[-]" time="0.000" /><testcase classname="tests.test_s1_normalizer" name="test_s1_nr07_normalize_vietnamese_names_and_symbols[T\u1ee7 \u0111i\u1ec7n LV-G.1 + LV-G.2-TU DIEN LV G 1 LV G 2]" time="0.000" /><testcase classname="tests.test_s1_normalizer" name="test_s1_nr07_normalize_vietnamese_names_and_symbols[M\xe1y b\u01a1m n\u01b0\u1edbc sinh ho\u1ea1t-MAY BOM NUOC SINH HOAT]" time="0.000" /><testcase classname="tests.test_s1_normalizer" name="test_s1_nr07_normalize_vietnamese_names_and_symbols[C\xe1p \u0111i\u1ec7n 3\xd72.5 mm\xb2-cap dien 3x2 5 mm2]" time="0.000" /><testcase classname="tests.test_s1_normalizer" name="test_s1_nr08_safe_amount_respects_explicit_zero" time="0.000" /><testcase classname="tests.test_s1_normalizer" name="test_s1_nr09_percent_delta[100-108-0.08]" time="0.000" /><testcase classname="tests.test_s1_normalizer" name="test_s1_nr09_percent_delta[100-95--0.05]" time="0.000" /><testcase classname="tests.test_s1_normalizer" name="test_s1_nr09_percent_delta[100-100-0.0]" time="0.000" /><testcase classname="tests.test_s1_normalizer" name="test_s1_nr10_hybrid_match_is_one_to_one" time="0.001" /><testcase classname="tests.test_s1_normalizer" name="test_s1_nr11_exact_name_can_match_across_different_sheets" time="0.000" /><testcase classname="tests.test_s1_normalizer" name="test_s1_nr12_different_names_are_not_forced_into_exact_name_match" time="0.064" /><testcase classname="tests.test_security" name="test_network_guard_blocks_external" time="0.003" /></testsuite></testsuites>