[1m==================================================================================================== test session starts ====================================================================================================[0m
platform linux -- Python 3.11.15, pytest-8.4.2, pluggy-1.6.0 -- /hdd3/vinhnv/envs/hsmt/bin/python
cachedir: .pytest_cache
rootdir: /hdd3/vinhnv/Hacomtest
configfile: pyproject.toml
plugins: anyio-4.14.0
[1mcollecting ... [0m[1mcollecting 1 item                                                                                                                                                                                                           [0m[1mcollecting 6 items                                                                                                                                                                                                          [0m[1mcollected 122 items                                                                                                                                                                                                         [0m

tests/test_matcher.py::test_hybrid_match_is_one_to_one [32mPASSED[0m[32m                                                                                                                                                         [  0%][0m
tests/test_negative_cases.py::test_format_job_error_message_non_xlsx_extension [32mPASSED[0m[32m                                                                                                                                 [  1%][0m
tests/test_negative_cases.py::test_format_job_error_message_bad_zip_file [32mPASSED[0m[32m                                                                                                                                       [  2%][0m
tests/test_negative_cases.py::test_format_job_error_message_corrupt_format [32mPASSED[0m[32m                                                                                                                                     [  3%][0m
tests/test_negative_cases.py::test_format_job_error_message_backend_error [32mPASSED[0m[32m                                                                                                                                      [  4%][0m
tests/test_negative_cases.py::test_package_pipeline_with_corrupt_files [32mPASSED[0m[32m                                                                                                                                         [  4%][0m
tests/test_negative_cases_extended.py::TestFakeAndCorruptFiles::test_txt_renamed_to_xlsx_is_rejected_not_silently_parsed [32mPASSED[0m[32m                                                                                       [  5%][0m
tests/test_negative_cases_extended.py::TestFakeAndCorruptFiles::test_zero_byte_file_with_xlsx_extension_is_rejected [32mPASSED[0m[32m                                                                                            [  6%][0m
tests/test_negative_cases_extended.py::TestFakeAndCorruptFiles::test_uppercase_extension_is_still_accepted [32mPASSED[0m[32m                                                                                                     [  7%][0m
tests/test_negative_cases_extended.py::TestFakeAndCorruptFiles::test_xls_extension_gives_clear_vietnamese_error [32mPASSED[0m[32m                                                                                                [  8%][0m
tests/test_negative_cases_extended.py::TestFakeAndCorruptFiles::test_zip_bomb_style_wrong_internal_structure_does_not_crash_silently [32mPASSED[0m[32m                                                                           [  9%][0m
tests/test_negative_cases_extended.py::TestFakeAndCorruptFiles::test_truncated_xlsx_raises_clear_error_not_garbage_data [32mPASSED[0m[32m                                                                                        [  9%][0m
tests/test_negative_cases_extended.py::TestMeaninglessButValidWorkbooks::test_completely_empty_sheet_does_not_crash [32mPASSED[0m[32m                                                                                            [ 10%][0m
tests/test_negative_cases_extended.py::TestMeaninglessButValidWorkbooks::test_random_text_without_any_header_keyword_yields_no_items_not_garbage [32mPASSED[0m[32m                                                               [ 11%][0m
tests/test_negative_cases_extended.py::TestMeaninglessButValidWorkbooks::test_header_only_no_data_rows [32mPASSED[0m[32m                                                                                                         [ 12%][0m
tests/test_negative_cases_extended.py::TestNumberParserNegative::test_garbage_returns_none_not_exception[lung tung beng] [32mPASSED[0m[32m                                                                                       [ 13%][0m
tests/test_negative_cases_extended.py::TestNumberParserNegative::test_garbage_returns_none_not_exception[abc123xyz] [32mPASSED[0m[32m                                                                                            [ 13%][0m
tests/test_negative_cases_extended.py::TestNumberParserNegative::test_garbage_returns_none_not_exception[====] [32mPASSED[0m[32m                                                                                                 [ 14%][0m
tests/test_negative_cases_extended.py::TestNumberParserNegative::test_garbage_returns_none_not_exception[N/A] [32mPASSED[0m[32m                                                                                                  [ 15%][0m
tests/test_negative_cases_extended.py::TestNumberParserNegative::test_garbage_returns_none_not_exception[-] [32mPASSED[0m[32m                                                                                                    [ 16%][0m
tests/test_negative_cases_extended.py::TestNumberParserNegative::test_garbage_returns_none_not_exception[None] [32mPASSED[0m[32m                                                                                                 [ 17%][0m
tests/test_negative_cases_extended.py::TestNumberParserNegative::test_garbage_returns_none_not_exception[] [32mPASSED[0m[32m                                                                                                     [ 18%][0m
tests/test_negative_cases_extended.py::TestNumberParserNegative::test_math_error_detects_klxdg_mismatch [32mPASSED[0m[32m                                                                                                        [ 18%][0m
tests/test_negative_cases_extended.py::TestNumberParserNegative::test_math_error_none_when_any_input_missing [32mPASSED[0m[32m                                                                                                   [ 19%][0m
tests/test_negative_cases_extended.py::TestTenderPackageNegative::test_no_bidder_files_raises_value_error [32mPASSED[0m[32m                                                                                                      [ 20%][0m
tests/test_negative_cases_extended.py::TestTenderPackageNegative::test_no_appendix_at_all_raises_value_error [32mPASSED[0m[32m                                                                                                   [ 21%][0m
tests/test_negative_cases_extended.py::TestTenderPackageNegative::test_missing_pl2_file_on_disk_raises_clear_error [32mPASSED[0m[32m                                                                                             [ 22%][0m
tests/test_negative_cases_extended.py::TestTenderPackageNegative::test_pl2_without_recognizable_headers_does_not_crash_but_warns [32mPASSED[0m[32m                                                                               [ 22%][0m
tests/test_negative_cases_extended.py::TestTenderPackageNegative::test_single_bidder_with_zero_items_produces_empty_but_valid_report [32mPASSED[0m[32m                                                                           [ 23%][0m
tests/test_negative_cases_extended.py::TestTenderPackageNegative::test_single_bidder_disables_peer_price_comparison [32mPASSED[0m[32m                                                                                            [ 24%][0m
tests/test_negative_cases_extended.py::TestPL2ReaderNegative::test_pl2_wrong_extension_raises [32mPASSED[0m[32m                                                                                                                  [ 25%][0m
tests/test_negative_cases_extended.py::TestPL2ReaderNegative::test_pl2_empty_workbook_returns_empty_with_warning [32mPASSED[0m[32m                                                                                               [ 26%][0m
tests/test_negative_cases_extended.py::TestUploadValidationNegative::test_sanitize_strips_path_traversal [32mPASSED[0m[32m                                                                                                       [ 27%][0m
tests/test_negative_cases_extended.py::TestUploadValidationNegative::test_sanitize_strips_path_traversal_windows_style [32mPASSED[0m[32m                                                                                         [ 27%][0m
tests/test_negative_cases_extended.py::TestUploadValidationNegative::test_sanitize_empty_name_falls_back [32mPASSED[0m[32m                                                                                                       [ 28%][0m
tests/test_negative_cases_extended.py::TestUploadValidationNegative::test_save_upload_rejects_disallowed_extension [32mPASSED[0m[32m                                                                                             [ 29%][0m
tests/test_negative_cases_extended.py::TestUploadValidationNegative::test_save_upload_rejects_empty_file [32mPASSED[0m[32m                                                                                                       [ 30%][0m
tests/test_negative_cases_extended.py::TestUploadValidationNegative::test_save_upload_rejects_file_over_limit [32mPASSED[0m[32m                                                                                                  [ 31%][0m
tests/test_negative_cases_extended.py::TestUploadValidationNegative::test_save_upload_accepts_valid_small_file [32mPASSED[0m[32m                                                                                                 [ 31%][0m
tests/test_negative_cases_extended.py::TestErrorMessageMapping::test_encrypted_or_unknown_underlying_error_falls_back_to_generic_excel_message [32mPASSED[0m[32m                                                                 [ 32%][0m
tests/test_negative_cases_extended.py::TestErrorMessageMapping::test_unknown_request_mapping_still_returns_something_safe [32mPASSED[0m[32m                                                                                      [ 33%][0m
tests/test_parser_section_and_legend.py::test_numbering_row_with_float_values_is_detected [32mPASSED[0m[32m                                                                                                                      [ 34%][0m
tests/test_parser_section_and_legend.py::test_numbering_row_does_not_misfire_on_real_priced_row [32mPASSED[0m[32m                                                                                                                [ 35%][0m
tests/test_parser_section_and_legend.py::test_legend_and_section_subtotal_excluded_from_comparable_items [32mPASSED[0m[32m                                                                                                       [ 36%][0m
tests/test_reporter_consolidated_quote.py::test_summary_has_one_sheet_per_hangmuc_with_side_by_side_blocks [32mPASSED[0m[32m                                                                                                     [ 36%][0m
tests/test_reporter_consolidated_quote.py::test_summary_marks_deviating_price_cells_directly [32mPASSED[0m[32m                                                                                                                   [ 37%][0m
tests/test_reporter_consolidated_quote.py::test_summary_no_marks_when_prices_close [32mPASSED[0m[32m                                                                                                                             [ 38%][0m
tests/test_reporter_consolidated_quote.py::test_summary_splits_multiple_hangmuc_into_separate_sheets [32mPASSED[0m[32m                                                                                                           [ 39%][0m
tests/test_reporter_price_deviation.py::test_price_matrix_marks_the_outlier_cell_directly [32mPASSED[0m[32m                                                                                                                      [ 40%][0m
tests/test_reporter_price_deviation.py::test_price_matrix_has_no_comment_when_all_bidders_close [32mPASSED[0m[32m                                                                                                                [ 40%][0m
tests/test_s1_comparison_engine.py::test_s1_ce01_equal_quantity_has_no_warning [32mPASSED[0m[32m                                                                                                                                 [ 41%][0m
tests/test_s1_comparison_engine.py::test_s1_ce02_quantity_difference_8_percent_is_warning [32mPASSED[0m[32m                                                                                                                      [ 42%][0m
tests/test_s1_comparison_engine.py::test_s1_ce03_quantity_difference_35_percent_is_critical [32mPASSED[0m[32m                                                                                                                    [ 43%][0m
tests/test_s1_comparison_engine.py::test_s1_ce04_unit_mismatch_is_flagged [32mPASSED[0m[32m                                                                                                                                      [ 44%][0m
tests/test_s1_comparison_engine.py::test_s1_ce05_missing_item_is_critical [32mPASSED[0m[32m                                                                                                                                      [ 45%][0m
tests/test_s1_comparison_engine.py::test_s1_ce06_extra_item_is_warning [32mPASSED[0m[32m                                                                                                                                         [ 45%][0m
tests/test_s1_comparison_engine.py::test_s1_ce07_different_sheet_is_note_not_warning [32mPASSED[0m[32m                                                                                                                           [ 46%][0m
tests/test_s1_comparison_engine.py::test_s1_ce08_single_bidder_does_not_compare_price_against_pl01 [32mPASSED[0m[32m                                                                                                             [ 47%][0m
tests/test_s1_comparison_engine.py::test_s1_ce09_price_outlier_is_flagged_only_in_peer_stage [32mPASSED[0m[32m                                                                                                                   [ 48%][0m
tests/test_s1_comparison_engine.py::test_s1_ce10_formula_error_is_critical [32mPASSED[0m[32m                                                                                                                                     [ 49%][0m
tests/test_s1_comparison_engine.py::test_s1_ce11_configurable_quantity_threshold_is_used [32mPASSED[0m[32m                                                                                                                       [ 50%][0m
tests/test_s1_file_parser.py::test_s1_fi01_parse_valid_xlsx_and_preserve_source_row [32mPASSED[0m[32m                                                                                                                            [ 50%][0m
tests/test_s1_file_parser.py::test_s1_fi02_detect_multi_level_header [32mPASSED[0m[32m                                                                                                                                           [ 51%][0m
tests/test_s1_file_parser.py::test_s1_fi03_calamine_matrix_preserves_raw_rows [32mPASSED[0m[32m                                                                                                                                  [ 52%][0m
tests/test_s1_file_parser.py::test_s1_fi04_formula_ref_is_detected [32mPASSED[0m[32m                                                                                                                                             [ 53%][0m
tests/test_s1_file_parser.py::test_s1_fi05_four_workbooks_are_loaded_in_parallel [32mPASSED[0m[32m                                                                                                                               [ 54%][0m
tests/test_s1_file_parser.py::test_s1_fi06_invalid_extension_is_rejected [32mPASSED[0m[32m                                                                                                                                       [ 54%][0m
tests/test_s1_file_parser.py::test_s1_fi07_corrupt_xlsx_returns_clear_error [32mPASSED[0m[32m                                                                                                                                    [ 55%][0m
tests/test_s1_file_parser.py::test_s1_fi08_duplicate_code_rows_are_preserved_and_flagged [32mPASSED[0m[32m                                                                                                                       [ 56%][0m
tests/test_s1_file_parser.py::test_s1_fi09_component_without_price_is_not_false_error [32mPASSED[0m[32m                                                                                                                          [ 57%][0m
tests/test_s1_normalizer.py::test_s1_nr01_parse_vietnamese_and_international_numbers[1.234.567,89-1234567.89] [32mPASSED[0m[32m                                                                                                  [ 58%][0m
tests/test_s1_normalizer.py::test_s1_nr01_parse_vietnamese_and_international_numbers[1,234,567.89-1234567.89] [32mPASSED[0m[32m                                                                                                  [ 59%][0m
tests/test_s1_normalizer.py::test_s1_nr01_parse_vietnamese_and_international_numbers[1 234 567-1234567.0] [32mPASSED[0m[32m                                                                                                      [ 59%][0m
tests/test_s1_normalizer.py::test_s1_nr01_parse_vietnamese_and_international_numbers[(1.000)--1000.0] [32mPASSED[0m[32m                                                                                                          [ 60%][0m
tests/test_s1_normalizer.py::test_s1_nr01_parse_vietnamese_and_international_numbers[-0.5--0.5] [32mPASSED[0m[32m                                                                                                                [ 61%][0m
tests/test_s1_normalizer.py::test_s1_nr01_parse_vietnamese_and_international_numbers[1.500.000 VN\u0110-1500000.0] [32mPASSED[0m[32m                                                                                             [ 62%][0m
tests/test_s1_normalizer.py::test_s1_nr01_parse_vietnamese_and_international_numbers[0-0.0] [32mPASSED[0m[32m                                                                                                                    [ 63%][0m
tests/test_s1_normalizer.py::test_s1_nr02_normalize_square_metre_variants[m2] [32mPASSED[0m[32m                                                                                                                                  [ 63%][0m
tests/test_s1_normalizer.py::test_s1_nr02_normalize_square_metre_variants[M2] [32mPASSED[0m[32m                                                                                                                                  [ 64%][0m
tests/test_s1_normalizer.py::test_s1_nr02_normalize_square_metre_variants[m\xb2] [32mPASSED[0m[32m                                                                                                                               [ 65%][0m
tests/test_s1_normalizer.py::test_s1_nr02_normalize_square_metre_variants[m^2] [32mPASSED[0m[32m                                                                                                                                 [ 66%][0m
tests/test_s1_normalizer.py::test_s1_nr02_normalize_square_metre_variants[m 2] [32mPASSED[0m[32m                                                                                                                                 [ 67%][0m
tests/test_s1_normalizer.py::test_s1_nr02_normalize_square_metre_variants[m\xe9t vu\xf4ng] [32mPASSED[0m[32m                                                                                                                     [ 68%][0m
tests/test_s1_normalizer.py::test_s1_nr02_normalize_square_metre_variants[met vuong] [32mPASSED[0m[32m                                                                                                                           [ 68%][0m
tests/test_s1_normalizer.py::test_s1_nr03_normalize_cubic_metre_variants[m3] [32mPASSED[0m[32m                                                                                                                                   [ 69%][0m
tests/test_s1_normalizer.py::test_s1_nr03_normalize_cubic_metre_variants[M3] [32mPASSED[0m[32m                                                                                                                                   [ 70%][0m
tests/test_s1_normalizer.py::test_s1_nr03_normalize_cubic_metre_variants[m\xb3] [32mPASSED[0m[32m                                                                                                                                [ 71%][0m
tests/test_s1_normalizer.py::test_s1_nr03_normalize_cubic_metre_variants[m^3] [32mPASSED[0m[32m                                                                                                                                  [ 72%][0m
tests/test_s1_normalizer.py::test_s1_nr03_normalize_cubic_metre_variants[m 3] [32mPASSED[0m[32m                                                                                                                                  [ 72%][0m
tests/test_s1_normalizer.py::test_s1_nr03_normalize_cubic_metre_variants[m\xe9t kh\u1ed1i] [32mPASSED[0m[32m                                                                                                                     [ 73%][0m
tests/test_s1_normalizer.py::test_s1_nr03_normalize_cubic_metre_variants[met khoi] [32mPASSED[0m[32m                                                                                                                             [ 74%][0m
tests/test_s1_normalizer.py::test_s1_nr04_normalize_common_units[C\xe1i-c\xe1i] [32mPASSED[0m[32m                                                                                                                                [ 75%][0m
tests/test_s1_normalizer.py::test_s1_nr04_normalize_common_units[chi\u1ebfc-c\xe1i] [32mPASSED[0m[32m                                                                                                                            [ 76%][0m
tests/test_s1_normalizer.py::test_s1_nr04_normalize_common_units[B\u1ed8-b\u1ed9] [32mPASSED[0m[32m                                                                                                                              [ 77%][0m
tests/test_s1_normalizer.py::test_s1_nr04_normalize_common_units[t\u1ee7-t\u1ee7] [32mPASSED[0m[32m                                                                                                                              [ 77%][0m
tests/test_s1_normalizer.py::test_s1_nr04_normalize_common_units[m\xe9t-m] [32mPASSED[0m[32m                                                                                                                                     [ 78%][0m
tests/test_s1_normalizer.py::test_s1_nr04_normalize_common_units[thi\u1ebft b\u1ecb-thi\u1ebft b\u1ecb] [32mPASSED[0m[32m                                                                                                        [ 79%][0m
tests/test_s1_normalizer.py::test_s1_nr04_normalize_common_units[kg-kg] [32mPASSED[0m[32m                                                                                                                                        [ 80%][0m
tests/test_s1_normalizer.py::test_s1_nr04_normalize_common_units[T\u1ea5n-t\u1ea5n] [32mPASSED[0m[32m                                                                                                                            [ 81%][0m
tests/test_s1_normalizer.py::test_s1_nr04_normalize_common_units[100m-100m] [32mPASSED[0m[32m                                                                                                                                    [ 81%][0m
tests/test_s1_normalizer.py::test_s1_nr05_normalize_item_codes[M01-M-01] [32mPASSED[0m[32m                                                                                                                                       [ 82%][0m
tests/test_s1_normalizer.py::test_s1_nr05_normalize_item_codes[M.01-M-01] [32mPASSED[0m[32m                                                                                                                                      [ 83%][0m
tests/test_s1_normalizer.py::test_s1_nr05_normalize_item_codes[M/01-M-01] [32mPASSED[0m[32m                                                                                                                                      [ 84%][0m
tests/test_s1_normalizer.py::test_s1_nr05_normalize_item_codes[ AB_12 -AB-12] [32mPASSED[0m[32m                                                                                                                                  [ 85%][0m
tests/test_s1_normalizer.py::test_s1_nr05_normalize_item_codes[=A1-] [32mPASSED[0m[32m                                                                                                                                           [ 86%][0m
tests/test_s1_normalizer.py::test_s1_nr05_normalize_item_codes[-] [32mPASSED[0m[32m                                                                                                                                              [ 86%][0m
tests/test_s1_normalizer.py::test_s1_nr06_normalize_stt[ I.1 -I.1] [32mPASSED[0m[32m                                                                                                                                             [ 87%][0m
tests/test_s1_normalizer.py::test_s1_nr06_normalize_stt[1.2.3-1.2.3] [32mPASSED[0m[32m                                                                                                                                           [ 88%][0m
tests/test_s1_normalizer.py::test_s1_nr06_normalize_stt[ A-01 -A-01] [32mPASSED[0m[32m                                                                                                                                           [ 89%][0m
tests/test_s1_normalizer.py::test_s1_nr06_normalize_stt[=ROW()-1-] [32mPASSED[0m[32m                                                                                                                                             [ 90%][0m
tests/test_s1_normalizer.py::test_s1_nr06_normalize_stt[-] [32mPASSED[0m[32m                                                                                                                                                     [ 90%][0m
tests/test_s1_normalizer.py::test_s1_nr07_normalize_vietnamese_names_and_symbols[T\u1ee7 \u0111i\u1ec7n LV-G.1 + LV-G.2-TU DIEN LV G 1 LV G 2] [32mPASSED[0m[32m                                                                 [ 91%][0m
tests/test_s1_normalizer.py::test_s1_nr07_normalize_vietnamese_names_and_symbols[M\xe1y b\u01a1m n\u01b0\u1edbc sinh ho\u1ea1t-MAY BOM NUOC SINH HOAT] [32mPASSED[0m[32m                                                         [ 92%][0m
tests/test_s1_normalizer.py::test_s1_nr07_normalize_vietnamese_names_and_symbols[C\xe1p \u0111i\u1ec7n 3\xd72.5 mm\xb2-cap dien 3x2 5 mm2] [32mPASSED[0m[32m                                                                     [ 93%][0m
tests/test_s1_normalizer.py::test_s1_nr08_safe_amount_respects_explicit_zero [32mPASSED[0m[32m                                                                                                                                   [ 94%][0m
tests/test_s1_normalizer.py::test_s1_nr09_percent_delta[100-108-0.08] [32mPASSED[0m[32m                                                                                                                                          [ 95%][0m
tests/test_s1_normalizer.py::test_s1_nr09_percent_delta[100-95--0.05] [32mPASSED[0m[32m                                                                                                                                          [ 95%][0m
tests/test_s1_normalizer.py::test_s1_nr09_percent_delta[100-100-0.0] [32mPASSED[0m[32m                                                                                                                                           [ 96%][0m
tests/test_s1_normalizer.py::test_s1_nr10_hybrid_match_is_one_to_one [32mPASSED[0m[32m                                                                                                                                           [ 97%][0m
tests/test_s1_normalizer.py::test_s1_nr11_exact_name_can_match_across_different_sheets [32mPASSED[0m[32m                                                                                                                         [ 98%][0m
tests/test_s1_normalizer.py::test_s1_nr12_different_names_are_not_forced_into_exact_name_match [32mPASSED[0m[32m                                                                                                                 [ 99%][0m
tests/test_security.py::test_network_guard_blocks_external [32mPASSED[0m[32m                                                                                                                                                     [100%][0m

----------------------------------------------------------- generated xml file: /hdd3/vinhnv/Hacomtest/reports/test_reports/test_report_20260628_020132/junit.xml -----------------------------------------------------------
[32m==================================================================================================== [32m[1m122 passed[0m[32m in 3.39s[0m[32m ====================================================================================================[0m
